2022/08/30 06:33:07 [notice] 1#1: using the "epoll" event method
2022/08/30 06:33:07 [notice] 1#1: nginx/1.23.1
2022/08/30 06:33:07 [notice] 1#1: built by gcc 10.2.1 20210110 (Debian 10.2.1-6) 
2022/08/30 06:33:07 [notice] 1#1: OS: Linux 4.14.290-217.505.amzn2.x86_64
2022/08/30 06:33:07 [notice] 1#1: getrlimit(RLIMIT_NOFILE): 32768:65536
2022/08/30 06:33:07 [notice] 1#1: start worker processes
2022/08/30 06:33:07 [notice] 1#1: start worker process 21
2022/08/30 06:35:51 [notice] 1#1: signal 3 (SIGQUIT) received, shutting down
2022/08/30 06:35:51 [notice] 21#21: gracefully shutting down
2022/08/30 06:35:51 [notice] 21#21: exiting
2022/08/30 06:35:51 [notice] 21#21: exit
2022/08/30 06:35:51 [notice] 1#1: signal 17 (SIGCHLD) received from 21
2022/08/30 06:35:51 [notice] 1#1: worker process 21 exited with code 0
2022/08/30 06:35:51 [notice] 1#1: exit
2022/08/30 06:39:31 [notice] 1#1: using the "epoll" event method
2022/08/30 06:39:31 [notice] 1#1: nginx/1.23.1
2022/08/30 06:39:31 [notice] 1#1: built by gcc 10.2.1 20210110 (Debian 10.2.1-6) 
2022/08/30 06:39:31 [notice] 1#1: OS: Linux 4.14.290-217.505.amzn2.x86_64
2022/08/30 06:39:31 [notice] 1#1: getrlimit(RLIMIT_NOFILE): 32768:65536
2022/08/30 06:39:31 [notice] 1#1: start worker processes
2022/08/30 06:39:31 [notice] 1#1: start worker process 21
2022/08/30 06:55:06 [notice] 1#1: signal 3 (SIGQUIT) received, shutting down
2022/08/30 06:55:06 [notice] 21#21: gracefully shutting down
2022/08/30 06:55:06 [notice] 21#21: exiting
2022/08/30 06:55:06 [notice] 21#21: exit
2022/08/30 06:55:06 [notice] 1#1: signal 17 (SIGCHLD) received from 21
2022/08/30 06:55:06 [notice] 1#1: worker process 21 exited with code 0
2022/08/30 06:55:06 [notice] 1#1: exit
2022/08/30 06:55:08 [notice] 1#1: using the "epoll" event method
2022/08/30 06:55:08 [notice] 1#1: nginx/1.23.1
2022/08/30 06:55:08 [notice] 1#1: built by gcc 10.2.1 20210110 (Debian 10.2.1-6) 
2022/08/30 06:55:08 [notice] 1#1: OS: Linux 4.14.290-217.505.amzn2.x86_64
2022/08/30 06:55:08 [notice] 1#1: getrlimit(RLIMIT_NOFILE): 32768:65536
2022/08/30 06:55:08 [notice] 1#1: start worker processes
2022/08/30 06:55:08 [notice] 1#1: start worker process 22
2022/08/30 06:57:00 [notice] 1#1: signal 3 (SIGQUIT) received, shutting down
2022/08/30 06:57:00 [notice] 22#22: gracefully shutting down
2022/08/30 06:57:00 [notice] 22#22: exiting
2022/08/30 06:57:00 [notice] 22#22: exit
2022/08/30 06:57:00 [notice] 1#1: signal 17 (SIGCHLD) received from 22
2022/08/30 06:57:00 [notice] 1#1: worker process 22 exited with code 0
2022/08/30 06:57:00 [notice] 1#1: exit
2022/08/30 06:57:07 [notice] 1#1: using the "epoll" event method
2022/08/30 06:57:07 [notice] 1#1: nginx/1.23.1
2022/08/30 06:57:07 [notice] 1#1: built by gcc 10.2.1 20210110 (Debian 10.2.1-6) 
2022/08/30 06:57:07 [notice] 1#1: OS: Linux 4.14.290-217.505.amzn2.x86_64
2022/08/30 06:57:07 [notice] 1#1: getrlimit(RLIMIT_NOFILE): 32768:65536
2022/08/30 06:57:07 [notice] 1#1: start worker processes
2022/08/30 06:57:07 [notice] 1#1: start worker process 22
2022/08/30 06:57:46 [notice] 1#1: signal 3 (SIGQUIT) received, shutting down
2022/08/30 06:57:46 [notice] 22#22: gracefully shutting down
2022/08/30 06:57:46 [notice] 22#22: exiting
2022/08/30 06:57:46 [notice] 22#22: exit
2022/08/30 06:57:46 [notice] 1#1: signal 17 (SIGCHLD) received from 22
2022/08/30 06:57:46 [notice] 1#1: worker process 22 exited with code 0
2022/08/30 06:57:46 [notice] 1#1: exit
2022/08/30 06:57:54 [notice] 1#1: using the "epoll" event method
2022/08/30 06:57:54 [notice] 1#1: nginx/1.23.1
2022/08/30 06:57:54 [notice] 1#1: built by gcc 10.2.1 20210110 (Debian 10.2.1-6) 
2022/08/30 06:57:54 [notice] 1#1: OS: Linux 4.14.290-217.505.amzn2.x86_64
2022/08/30 06:57:54 [notice] 1#1: getrlimit(RLIMIT_NOFILE): 32768:65536
2022/08/30 06:57:54 [notice] 1#1: start worker processes
2022/08/30 06:57:54 [notice] 1#1: start worker process 21
2022/08/30 07:14:57 [notice] 1#1: signal 3 (SIGQUIT) received, shutting down
2022/08/30 07:14:57 [notice] 21#21: gracefully shutting down
2022/08/30 07:14:57 [notice] 21#21: exiting
2022/08/30 07:14:57 [notice] 21#21: exit
2022/08/30 07:14:57 [notice] 1#1: signal 17 (SIGCHLD) received from 21
2022/08/30 07:14:57 [notice] 1#1: worker process 21 exited with code 0
2022/08/30 07:14:57 [notice] 1#1: exit
2022/08/30 07:15:10 [notice] 1#1: using the "epoll" event method
2022/08/30 07:15:10 [notice] 1#1: nginx/1.23.1
2022/08/30 07:15:10 [notice] 1#1: built by gcc 10.2.1 20210110 (Debian 10.2.1-6) 
2022/08/30 07:15:10 [notice] 1#1: OS: Linux 4.14.290-217.505.amzn2.x86_64
2022/08/30 07:15:10 [notice] 1#1: getrlimit(RLIMIT_NOFILE): 32768:65536
2022/08/30 07:15:10 [notice] 1#1: start worker processes
2022/08/30 07:15:10 [notice] 1#1: start worker process 21
2022/08/30 07:15:51 [notice] 1#1: signal 3 (SIGQUIT) received, shutting down
2022/08/30 07:15:51 [notice] 21#21: gracefully shutting down
2022/08/30 07:15:51 [notice] 21#21: exiting
2022/08/30 07:15:51 [notice] 21#21: exit
2022/08/30 07:15:52 [notice] 1#1: signal 17 (SIGCHLD) received from 21
2022/08/30 07:15:52 [notice] 1#1: worker process 21 exited with code 0
2022/08/30 07:15:52 [notice] 1#1: exit
2022/08/30 07:17:56 [notice] 1#1: using the "epoll" event method
2022/08/30 07:17:56 [notice] 1#1: nginx/1.23.1
2022/08/30 07:17:56 [notice] 1#1: built by gcc 10.2.1 20210110 (Debian 10.2.1-6) 
2022/08/30 07:17:56 [notice] 1#1: OS: Linux 4.14.290-217.505.amzn2.x86_64
2022/08/30 07:17:56 [notice] 1#1: getrlimit(RLIMIT_NOFILE): 32768:65536
2022/08/30 07:17:56 [notice] 1#1: start worker processes
2022/08/30 07:17:56 [notice] 1#1: start worker process 21
2022/08/30 07:18:04 [notice] 1#1: signal 3 (SIGQUIT) received, shutting down
2022/08/30 07:18:04 [notice] 21#21: gracefully shutting down
2022/08/30 07:18:04 [notice] 21#21: exiting
2022/08/30 07:18:04 [notice] 21#21: exit
2022/08/30 07:18:04 [notice] 1#1: signal 17 (SIGCHLD) received from 21
2022/08/30 07:18:04 [notice] 1#1: worker process 21 exited with code 0
2022/08/30 07:18:04 [notice] 1#1: exit
2022/08/30 07:18:55 [notice] 1#1: using the "epoll" event method
2022/08/30 07:18:55 [notice] 1#1: nginx/1.23.1
2022/08/30 07:18:55 [notice] 1#1: built by gcc 10.2.1 20210110 (Debian 10.2.1-6) 
2022/08/30 07:18:55 [notice] 1#1: OS: Linux 4.14.290-217.505.amzn2.x86_64
2022/08/30 07:18:55 [notice] 1#1: getrlimit(RLIMIT_NOFILE): 32768:65536
2022/08/30 07:18:55 [notice] 1#1: start worker processes
2022/08/30 07:18:55 [notice] 1#1: start worker process 21
2022/08/30 07:22:13 [notice] 1#1: signal 3 (SIGQUIT) received, shutting down
2022/08/30 07:22:13 [notice] 21#21: gracefully shutting down
2022/08/30 07:22:13 [notice] 21#21: exiting
2022/08/30 07:22:13 [notice] 21#21: exit
2022/08/30 07:22:13 [notice] 1#1: signal 17 (SIGCHLD) received from 21
2022/08/30 07:22:13 [notice] 1#1: worker process 21 exited with code 0
2022/08/30 07:22:13 [notice] 1#1: exit
2022/08/30 10:38:07 [notice] 1#1: using the "epoll" event method
2022/08/30 10:38:07 [notice] 1#1: nginx/1.23.1
2022/08/30 10:38:07 [notice] 1#1: built by gcc 10.2.1 20210110 (Debian 10.2.1-6) 
2022/08/30 10:38:07 [notice] 1#1: OS: Linux 4.14.290-217.505.amzn2.x86_64
2022/08/30 10:38:07 [notice] 1#1: getrlimit(RLIMIT_NOFILE): 32768:65536
2022/08/30 10:38:07 [notice] 1#1: start worker processes
2022/08/30 10:38:07 [notice] 1#1: start worker process 21
2022/08/30 10:38:10 [notice] 1#1: signal 3 (SIGQUIT) received, shutting down
2022/08/30 10:38:10 [notice] 21#21: gracefully shutting down
2022/08/30 10:38:10 [notice] 21#21: exiting
2022/08/30 10:38:10 [notice] 21#21: exit
2022/08/30 10:38:10 [notice] 1#1: signal 17 (SIGCHLD) received from 21
2022/08/30 10:38:10 [notice] 1#1: worker process 21 exited with code 0
2022/08/30 10:38:10 [notice] 1#1: exit
2022/08/30 10:41:12 [notice] 1#1: using the "epoll" event method
2022/08/30 10:41:12 [notice] 1#1: nginx/1.23.1
2022/08/30 10:41:12 [notice] 1#1: built by gcc 10.2.1 20210110 (Debian 10.2.1-6) 
2022/08/30 10:41:12 [notice] 1#1: OS: Linux 4.14.290-217.505.amzn2.x86_64
2022/08/30 10:41:12 [notice] 1#1: getrlimit(RLIMIT_NOFILE): 32768:65536
2022/08/30 10:41:12 [notice] 1#1: start worker processes
2022/08/30 10:41:12 [notice] 1#1: start worker process 22
2022/08/30 11:02:33 [notice] 1#1: signal 3 (SIGQUIT) received, shutting down
2022/08/30 11:02:33 [notice] 22#22: gracefully shutting down
2022/08/30 11:02:33 [notice] 22#22: exiting
2022/08/30 11:02:33 [notice] 22#22: exit
2022/08/30 11:02:33 [notice] 1#1: signal 17 (SIGCHLD) received from 22
2022/08/30 11:02:33 [notice] 1#1: worker process 22 exited with code 0
2022/08/30 11:02:33 [notice] 1#1: exit
2022/08/30 11:02:35 [notice] 1#1: using the "epoll" event method
2022/08/30 11:02:35 [notice] 1#1: nginx/1.23.1
2022/08/30 11:02:35 [notice] 1#1: built by gcc 10.2.1 20210110 (Debian 10.2.1-6) 
2022/08/30 11:02:35 [notice] 1#1: OS: Linux 4.14.290-217.505.amzn2.x86_64
2022/08/30 11:02:35 [notice] 1#1: getrlimit(RLIMIT_NOFILE): 32768:65536
2022/08/30 11:02:35 [notice] 1#1: start worker processes
2022/08/30 11:02:35 [notice] 1#1: start worker process 22
2022/08/30 11:58:57 [notice] 1#1: signal 3 (SIGQUIT) received, shutting down
2022/08/30 11:58:57 [notice] 22#22: gracefully shutting down
2022/08/30 11:58:57 [notice] 22#22: exiting
2022/08/30 11:58:57 [notice] 22#22: exit
2022/08/30 11:58:57 [notice] 1#1: signal 17 (SIGCHLD) received from 22
2022/08/30 11:58:57 [notice] 1#1: worker process 22 exited with code 0
2022/08/30 11:58:57 [notice] 1#1: exit
2022/08/30 12:11:33 [notice] 1#1: using the "epoll" event method
2022/08/30 12:11:33 [notice] 1#1: nginx/1.23.1
2022/08/30 12:11:33 [notice] 1#1: built by gcc 10.2.1 20210110 (Debian 10.2.1-6) 
2022/08/30 12:11:33 [notice] 1#1: OS: Linux 4.14.290-217.505.amzn2.x86_64
2022/08/30 12:11:33 [notice] 1#1: getrlimit(RLIMIT_NOFILE): 32768:65536
2022/08/30 12:11:33 [notice] 1#1: start worker processes
2022/08/30 12:11:33 [notice] 1#1: start worker process 22
2022/08/30 12:28:03 [notice] 1#1: signal 3 (SIGQUIT) received, shutting down
2022/08/30 12:28:03 [notice] 22#22: gracefully shutting down
2022/08/30 12:28:03 [notice] 22#22: exiting
2022/08/30 12:28:03 [notice] 22#22: exit
2022/08/30 12:28:03 [notice] 1#1: signal 17 (SIGCHLD) received from 22
2022/08/30 12:28:03 [notice] 1#1: worker process 22 exited with code 0
2022/08/30 12:28:03 [notice] 1#1: exit
2022/08/30 18:22:47 [notice] 1#1: using the "epoll" event method
2022/08/30 18:22:47 [notice] 1#1: nginx/1.23.1
2022/08/30 18:22:47 [notice] 1#1: built by gcc 10.2.1 20210110 (Debian 10.2.1-6) 
2022/08/30 18:22:47 [notice] 1#1: OS: Linux 4.14.290-217.505.amzn2.x86_64
2022/08/30 18:22:47 [notice] 1#1: getrlimit(RLIMIT_NOFILE): 32768:65536
2022/08/30 18:22:47 [notice] 1#1: start worker processes
2022/08/30 18:22:47 [notice] 1#1: start worker process 22
2022/08/30 19:02:11 [notice] 1#1: signal 3 (SIGQUIT) received, shutting down
2022/08/30 19:02:11 [notice] 22#22: gracefully shutting down
2022/08/30 19:02:11 [notice] 22#22: exiting
2022/08/30 19:02:11 [notice] 22#22: exit
2022/08/30 19:02:11 [notice] 1#1: signal 17 (SIGCHLD) received from 22
2022/08/30 19:02:11 [notice] 1#1: worker process 22 exited with code 0
2022/08/30 19:02:11 [notice] 1#1: exit
2022/08/30 19:02:24 [notice] 1#1: using the "epoll" event method
2022/08/30 19:02:24 [notice] 1#1: nginx/1.23.1
2022/08/30 19:02:24 [notice] 1#1: built by gcc 10.2.1 20210110 (Debian 10.2.1-6) 
2022/08/30 19:02:24 [notice] 1#1: OS: Linux 4.14.290-217.505.amzn2.x86_64
2022/08/30 19:02:24 [notice] 1#1: getrlimit(RLIMIT_NOFILE): 32768:65536
2022/08/30 19:02:24 [notice] 1#1: start worker processes
2022/08/30 19:02:24 [notice] 1#1: start worker process 21
2022/08/30 19:09:06 [notice] 1#1: signal 3 (SIGQUIT) received, shutting down
2022/08/30 19:09:06 [notice] 21#21: gracefully shutting down
2022/08/30 19:09:06 [notice] 21#21: exiting
2022/08/30 19:09:06 [notice] 21#21: exit
2022/08/30 19:09:06 [notice] 1#1: signal 17 (SIGCHLD) received from 21
2022/08/30 19:09:06 [notice] 1#1: worker process 21 exited with code 0
2022/08/30 19:09:06 [notice] 1#1: exit
2022/08/30 19:09:08 [notice] 1#1: using the "epoll" event method
2022/08/30 19:09:08 [notice] 1#1: nginx/1.23.1
2022/08/30 19:09:08 [notice] 1#1: built by gcc 10.2.1 20210110 (Debian 10.2.1-6) 
2022/08/30 19:09:08 [notice] 1#1: OS: Linux 4.14.290-217.505.amzn2.x86_64
2022/08/30 19:09:08 [notice] 1#1: getrlimit(RLIMIT_NOFILE): 32768:65536
2022/08/30 19:09:08 [notice] 1#1: start worker processes
2022/08/30 19:09:08 [notice] 1#1: start worker process 22
2022/08/30 20:50:53 [notice] 1#1: signal 3 (SIGQUIT) received, shutting down
2022/08/30 20:50:53 [notice] 22#22: gracefully shutting down
2022/08/30 20:50:53 [notice] 22#22: exiting
2022/08/30 20:50:53 [notice] 22#22: exit
2022/08/30 20:50:53 [notice] 1#1: signal 17 (SIGCHLD) received from 22
2022/08/30 20:50:53 [notice] 1#1: worker process 22 exited with code 0
2022/08/30 20:50:53 [notice] 1#1: exit
2022/08/30 20:50:55 [emerg] 1#1: host not found in upstream "php" in /etc/nginx/conf.d/nginx.conf:13
2022/08/30 20:52:35 [emerg] 1#1: host not found in upstream "php" in /etc/nginx/conf.d/nginx.conf:13
2022/08/30 20:56:57 [emerg] 1#1: host not found in upstream "php" in /etc/nginx/conf.d/nginx.conf:13
2022/08/30 21:01:40 [emerg] 1#1: host not found in upstream "php" in /etc/nginx/conf.d/nginx.conf:13
2022/08/30 21:03:32 [emerg] 1#1: host not found in upstream "php" in /etc/nginx/conf.d/nginx.conf:13
2022/08/30 21:04:38 [emerg] 1#1: host not found in upstream "php" in /etc/nginx/conf.d/nginx.conf:13
2022/08/30 21:06:05 [emerg] 1#1: host not found in upstream "php" in /etc/nginx/conf.d/nginx.conf:13
2022/08/30 21:09:50 [emerg] 1#1: host not found in upstream "php" in /etc/nginx/conf.d/nginx.conf:13
2022/08/30 21:14:53 [emerg] 1#1: host not found in upstream "php" in /etc/nginx/conf.d/nginx.conf:13
2022/08/30 21:17:16 [emerg] 1#1: host not found in upstream "php" in /etc/nginx/conf.d/nginx.conf:13
2022/08/30 21:36:31 [emerg] 1#1: host not found in upstream "php" in /etc/nginx/conf.d/nginx.conf:13
2022/08/30 21:37:59 [emerg] 1#1: host not found in upstream "php" in /etc/nginx/conf.d/nginx.conf:13
2022/08/30 21:39:45 [emerg] 1#1: host not found in upstream "php" in /etc/nginx/conf.d/nginx.conf:13
2022/08/30 21:40:52 [emerg] 1#1: host not found in upstream "php" in /etc/nginx/conf.d/nginx.conf:13
2022/08/30 21:41:20 [emerg] 1#1: host not found in upstream "php" in /etc/nginx/conf.d/nginx.conf:13
2022/08/30 21:44:56 [emerg] 1#1: host not found in upstream "php" in /etc/nginx/conf.d/nginx.conf:13
2022/08/30 21:47:01 [emerg] 1#1: host not found in upstream "php" in /etc/nginx/conf.d/nginx.conf:13
2022/08/30 22:07:26 [emerg] 1#1: host not found in upstream "php" in /etc/nginx/conf.d/nginx.conf:13
2022/08/30 22:11:53 [emerg] 1#1: host not found in upstream "php" in /etc/nginx/conf.d/nginx.conf:13
2022/08/30 22:12:41 [emerg] 1#1: host not found in upstream "php" in /etc/nginx/conf.d/nginx.conf:13
2022/08/30 22:17:12 [emerg] 1#1: host not found in upstream "php" in /etc/nginx/conf.d/nginx.conf:13
2022/08/30 22:22:10 [emerg] 1#1: host not found in upstream "php" in /etc/nginx/conf.d/nginx.conf:13
2022/08/30 22:24:57 [emerg] 1#1: host not found in upstream "php" in /etc/nginx/conf.d/nginx.conf:13
2022/08/30 22:26:32 [emerg] 1#1: host not found in upstream "php" in /etc/nginx/conf.d/nginx.conf:13
2022/08/30 22:28:46 [emerg] 1#1: host not found in upstream "php" in /etc/nginx/conf.d/nginx.conf:13
2022/08/30 22:41:11 [emerg] 1#1: host not found in upstream "php" in /etc/nginx/conf.d/nginx.conf:13
2022/08/30 22:42:47 [emerg] 1#1: host not found in upstream "php" in /etc/nginx/conf.d/nginx.conf:13
2022/08/30 22:43:20 [emerg] 1#1: host not found in upstream "php" in /etc/nginx/conf.d/nginx.conf:13
2022/08/30 22:45:38 [emerg] 1#1: host not found in upstream "php" in /etc/nginx/conf.d/nginx.conf:13
2022/08/30 22:46:52 [emerg] 1#1: host not found in upstream "php" in /etc/nginx/conf.d/nginx.conf:13
2022/08/31 02:26:17 [emerg] 1#1: host not found in upstream "php" in /etc/nginx/conf.d/nginx.conf:13
2022/08/31 02:27:54 [emerg] 1#1: host not found in upstream "php" in /etc/nginx/conf.d/nginx.conf:13
2022/08/31 02:30:42 [emerg] 1#1: host not found in upstream "php" in /etc/nginx/conf.d/nginx.conf:13
2022/08/31 02:33:16 [emerg] 1#1: host not found in upstream "php" in /etc/nginx/conf.d/nginx.conf:13
2022/08/31 02:40:35 [emerg] 1#1: host not found in upstream "php" in /etc/nginx/conf.d/nginx.conf:13
2022/08/31 02:44:03 [emerg] 1#1: host not found in upstream "php" in /etc/nginx/conf.d/nginx.conf:13
2022/08/31 02:45:24 [emerg] 1#1: host not found in upstream "php" in /etc/nginx/conf.d/nginx.conf:13
2022/08/31 02:46:19 [emerg] 1#1: host not found in upstream "php" in /etc/nginx/conf.d/nginx.conf:13
2022/08/31 02:47:25 [emerg] 1#1: host not found in upstream "php" in /etc/nginx/conf.d/nginx.conf:13
2022/08/31 02:48:15 [emerg] 1#1: host not found in upstream "php" in /etc/nginx/conf.d/nginx.conf:13
2022/08/31 02:50:00 [emerg] 1#1: host not found in upstream "php" in /etc/nginx/conf.d/nginx.conf:13
2022/08/31 03:13:33 [emerg] 1#1: host not found in upstream "php" in /etc/nginx/conf.d/nginx.conf:13
2022/08/31 03:17:06 [emerg] 1#1: host not found in upstream "php" in /etc/nginx/conf.d/nginx.conf:13
2022/08/31 03:24:05 [emerg] 1#1: host not found in upstream "php" in /etc/nginx/conf.d/nginx.conf:13
2022/08/31 03:25:14 [emerg] 1#1: host not found in upstream "php" in /etc/nginx/conf.d/nginx.conf:13
2022/08/31 03:28:46 [emerg] 1#1: host not found in upstream "php" in /etc/nginx/conf.d/nginx.conf:13
2022/08/31 03:30:18 [emerg] 1#1: host not found in upstream "php" in /etc/nginx/conf.d/nginx.conf:13
2022/08/31 03:31:13 [emerg] 1#1: host not found in upstream "php" in /etc/nginx/conf.d/nginx.conf:13
2022/08/31 03:42:08 [emerg] 1#1: host not found in upstream "php" in /etc/nginx/conf.d/nginx.conf:13
2022/08/31 03:43:26 [emerg] 1#1: host not found in upstream "php" in /etc/nginx/conf.d/nginx.conf:13
2022/08/31 03:48:40 [emerg] 1#1: host not found in upstream "php" in /etc/nginx/conf.d/nginx.conf:13
2022/08/31 03:53:51 [emerg] 1#1: host not found in upstream "php" in /etc/nginx/conf.d/nginx.conf:13
2022/08/31 05:13:49 [emerg] 1#1: host not found in upstream "php" in /etc/nginx/conf.d/nginx.conf:13
2022/08/31 05:16:34 [emerg] 1#1: host not found in upstream "php" in /etc/nginx/conf.d/nginx.conf:13
2022/08/31 05:20:08 [emerg] 1#1: host not found in upstream "php" in /etc/nginx/conf.d/nginx.conf:13
2022/08/31 05:21:32 [emerg] 1#1: host not found in upstream "php" in /etc/nginx/conf.d/nginx.conf:13
2022/08/31 05:38:39 [emerg] 1#1: host not found in upstream "php" in /etc/nginx/conf.d/nginx.conf:13
